[2020-04-29 13:29:18,758-rk0-train_siammask_refine.py#133] 
PyTorch version: 0.4.1
Is debug build: No
CUDA used to build PyTorch: None

OS: Mac OSX 10.14.6
GCC version: Could not collect
CMake version: Could not collect

Python version: 3.6
Is CUDA available: No
CUDA runtime version: No CUDA
GPU models and configuration: No CUDA
Nvidia driver version: No CUDA
cuDNN version: No CUDA

Versions of relevant libraries:
[pip] Could not collect
[conda] torch                     0.4.1                    pypi_0    pypi
[conda] torchvision               0.2.1                    pypi_0    pypi
        OpenCV (3.4.3)
[2020-04-29 13:29:18,761-rk0-train_siammask_refine.py#134] Namespace(arch='', batch=8, clip=10.0, config='config.json', epochs=8, log='log.txt', log_dir='board', lr=0.001, momentum=0.9, pretrained='checkpoint_e4.pth', print_freq=10, resume='', save_dir='snapshot', start_epoch=0, weight_decay=0.0001, workers=0)
[2020-04-29 13:29:18,763-rk0-train_siammask_refine.py#137] config 
{
    "network": {
        "arch": "Custom"
    },
    "hp": {
        "instance_size": 255,
        "base_size": 8,
        "out_size": 127,
        "seg_thr": 0.35,
        "penalty_k": 0.04,
        "window_influence": 0.4,
        "lr": 1.0
    },
    "lr": {
        "feature_lr_mult": 1.0,
        "rpn_lr_mult": 1.0,
        "mask_lr_mult": 1.0,
        "type": "log",
        "start_lr": 0.01,
        "end_lr": 0.0025
    },
    "loss": {
        "weight": [
            0,
            0,
            36
        ],
        "reg": {
            "loss": "L1Loss"
        },
        "cls": {
            "split": true
        }
    },
    "train_datasets": {
        "datasets": {
            "coco": {
                "root": "../../data/coco/crop511",
                "anno": "../../data/coco/train2017.json",
                "frame_range": 1
            }
        },
        "template_size": 127,
        "search_size": 143,
        "base_size": 0,
        "size": 3,
        "num": 2000,
        "augmentation": {
            "template": {
                "shift": 4,
                "scale": 0.05
            },
            "search": {
                "shift": 8,
                "scale": 0.18,
                "blur": 0.18
            },
            "neg": 0,
            "gray": 0.25
        }
    },
    "anchors": {
        "stride": 8,
        "ratios": [
            0.33,
            0.5,
            1,
            2,
            3
        ],
        "scales": [
            8
        ],
        "round_dight": 0
    },
    "clip": {
        "feature": 10.0,
        "rpn": 10.0,
        "split": false
    }
}
[2020-04-29 13:29:18,765-rk0-train_siammask_refine.py# 80] build train dataset
[2020-04-29 13:29:18,766-rk0-siam_mask_dataset.py# 38] loading ../../data/coco/train2017.json
[2020-04-29 13:29:18,947-rk0-siam_mask_dataset.py# 84] ../../data/coco/train2017.json loaded.
[2020-04-29 13:29:18,950-rk0-siam_mask_dataset.py#151] SubDataSet coco start-index 0 select [4952/4952] path {}.{}.{}.jpg
[2020-04-29 13:29:18,971-rk0-siam_mask_dataset.py#578] shuffle done!
[2020-04-29 13:29:18,972-rk0-siam_mask_dataset.py#579] dataset length 16000
[2020-04-29 13:29:18,972-rk0-siam_mask_dataset.py#543] dataset informations: 
{
    "template": 127,
    "search": 143,
    "template_small": false,
    "gray": 0.25,
    "neg": 0,
    "inner_neg": 0,
    "crop_size": 0,
    "anchor_target": {
        "thr_high": 0.6,
        "thr_low": 0.3,
        "negative": 16,
        "rpn_batch": 64,
        "positive": 16
    },
    "num": 2000
}
[2020-04-29 13:29:18,994-rk0-siam_mask_dataset.py#578] shuffle done!
[2020-04-29 13:29:18,994-rk0-siam_mask_dataset.py#579] dataset length 16000
[2020-04-29 13:29:18,994-rk0-train_siammask_refine.py# 84] build val dataset
[2020-04-29 13:29:18,995-rk0-siam_mask_dataset.py# 38] loading ../../data/coco/train2017.json
[2020-04-29 13:29:19,194-rk0-siam_mask_dataset.py# 84] ../../data/coco/train2017.json loaded.
[2020-04-29 13:29:19,198-rk0-siam_mask_dataset.py#151] SubDataSet coco start-index 0 select [4952/4952] path {}.{}.{}.jpg
[2020-04-29 13:29:19,205-rk0-siam_mask_dataset.py#578] shuffle done!
[2020-04-29 13:29:19,205-rk0-siam_mask_dataset.py#579] dataset length 2000
[2020-04-29 13:29:19,205-rk0-siam_mask_dataset.py#543] dataset informations: 
{
    "template": 127,
    "search": 143,
    "template_small": false,
    "gray": 0.25,
    "neg": 0,
    "inner_neg": 0,
    "crop_size": 0,
    "anchor_target": {
        "thr_high": 0.6,
        "thr_low": 0.3,
        "negative": 16,
        "rpn_batch": 64,
        "positive": 16
    },
    "num": 2000
}
[2020-04-29 13:29:19,211-rk0-siam_mask_dataset.py#578] shuffle done!
[2020-04-29 13:29:19,211-rk0-siam_mask_dataset.py#579] dataset length 2000
[2020-04-29 13:29:19,211-rk0-train_siammask_refine.py# 95] build dataset done
[2020-04-29 13:29:19,492-rk0-features.py# 92] Current training 0 layers:
	
[2020-04-29 13:29:19,492-rk0-features.py# 92] Current training 1 layers:
	
[2020-04-29 13:29:19,547-rk0-train_siammask_refine.py#154] Custom(
  (upSample): UpsamplingBilinear2d(size=[127, 127], mode=bilinear)
  (features): ResDown(
    (features): ResNet(
      (conv1): Conv2d(3, 64, kernel_size=(7, 7), stride=(2, 2), bias=False)
      (bn1): BatchNorm2d(64, eps=1e-05, momentum=0.1, affine=True, track_running_stats=True)
      (relu): ReLU(inplace)
      (maxpool): MaxPool2d(kernel_size=3, stride=2, padding=1, dilation=1, ceil_mode=False)
      (layer1): Sequential(
        (0): Bottleneck(
          (conv1): Conv2d(64, 64, kernel_size=(1, 1), stride=(1, 1), bias=False)
          (bn1): BatchNorm2d(64, eps=1e-05, momentum=0.1, affine=True, track_running_stats=True)
          (conv2): Conv2d(64, 64, kernel_size=(3, 3), stride=(1, 1), padding=(1, 1), bias=False)
          (bn2): BatchNorm2d(64, eps=1e-05, momentum=0.1, affine=True, track_running_stats=True)
          (conv3): Conv2d(64, 256, kernel_size=(1, 1), stride=(1, 1), bias=False)
          (bn3): BatchNorm2d(256, eps=1e-05, momentum=0.1, affine=True, track_running_stats=True)
          (relu): ReLU(inplace)
          (downsample): Sequential(
            (0): Conv2d(64, 256, kernel_size=(1, 1), stride=(1, 1), bias=False)
            (1): BatchNorm2d(256, eps=1e-05, momentum=0.1, affine=True, track_running_stats=True)
          )
        )
        (1): Bottleneck(
          (conv1): Conv2d(256, 64, kernel_size=(1, 1), stride=(1, 1), bias=False)
          (bn1): BatchNorm2d(64, eps=1e-05, momentum=0.1, affine=True, track_running_stats=True)
          (conv2): Conv2d(64, 64, kernel_size=(3, 3), stride=(1, 1), padding=(1, 1), bias=False)
          (bn2): BatchNorm2d(64, eps=1e-05, momentum=0.1, affine=True, track_running_stats=True)
          (conv3): Conv2d(64, 256, kernel_size=(1, 1), stride=(1, 1), bias=False)
          (bn3): BatchNorm2d(256, eps=1e-05, momentum=0.1, affine=True, track_running_stats=True)
          (relu): ReLU(inplace)
        )
        (2): Bottleneck(
          (conv1): Conv2d(256, 64, kernel_size=(1, 1), stride=(1, 1), bias=False)
          (bn1): BatchNorm2d(64, eps=1e-05, momentum=0.1, affine=True, track_running_stats=True)
          (conv2): Conv2d(64, 64, kernel_size=(3, 3), stride=(1, 1), padding=(1, 1), bias=False)
          (bn2): BatchNorm2d(64, eps=1e-05, momentum=0.1, affine=True, track_running_stats=True)
          (conv3): Conv2d(64, 256, kernel_size=(1, 1), stride=(1, 1), bias=False)
          (bn3): BatchNorm2d(256, eps=1e-05, momentum=0.1, affine=True, track_running_stats=True)
          (relu): ReLU(inplace)
        )
      )
      (layer2): Sequential(
        (0): Bottleneck(
          (conv1): Conv2d(256, 128, kernel_size=(1, 1), stride=(1, 1), bias=False)
          (bn1): BatchNorm2d(128, eps=1e-05, momentum=0.1, affine=True, track_running_stats=True)
          (conv2): Conv2d(128, 128, kernel_size=(3, 3), stride=(2, 2), bias=False)
          (bn2): BatchNorm2d(128, eps=1e-05, momentum=0.1, affine=True, track_running_stats=True)
          (conv3): Conv2d(128, 512, kernel_size=(1, 1), stride=(1, 1), bias=False)
          (bn3): BatchNorm2d(512, eps=1e-05, momentum=0.1, affine=True, track_running_stats=True)
          (relu): ReLU(inplace)
          (downsample): Sequential(
            (0): Conv2d(256, 512, kernel_size=(3, 3), stride=(2, 2), bias=False)
            (1): BatchNorm2d(512, eps=1e-05, momentum=0.1, affine=True, track_running_stats=True)
          )
        )
        (1): Bottleneck(
          (conv1): Conv2d(512, 128, kernel_size=(1, 1), stride=(1, 1), bias=False)
          (bn1): BatchNorm2d(128, eps=1e-05, momentum=0.1, affine=True, track_running_stats=True)
          (conv2): Conv2d(128, 128, kernel_size=(3, 3), stride=(1, 1), padding=(1, 1), bias=False)
          (bn2): BatchNorm2d(128, eps=1e-05, momentum=0.1, affine=True, track_running_stats=True)
          (conv3): Conv2d(128, 512, kernel_size=(1, 1), stride=(1, 1), bias=False)
          (bn3): BatchNorm2d(512, eps=1e-05, momentum=0.1, affine=True, track_running_stats=True)
          (relu): ReLU(inplace)
        )
        (2): Bottleneck(
          (conv1): Conv2d(512, 128, kernel_size=(1, 1), stride=(1, 1), bias=False)
          (bn1): BatchNorm2d(128, eps=1e-05, momentum=0.1, affine=True, track_running_stats=True)
          (conv2): Conv2d(128, 128, kernel_size=(3, 3), stride=(1, 1), padding=(1, 1), bias=False)
          (bn2): BatchNorm2d(128, eps=1e-05, momentum=0.1, affine=True, track_running_stats=True)
          (conv3): Conv2d(128, 512, kernel_size=(1, 1), stride=(1, 1), bias=False)
          (bn3): BatchNorm2d(512, eps=1e-05, momentum=0.1, affine=True, track_running_stats=True)
          (relu): ReLU(inplace)
        )
        (3): Bottleneck(
          (conv1): Conv2d(512, 128, kernel_size=(1, 1), stride=(1, 1), bias=False)
          (bn1): BatchNorm2d(128, eps=1e-05, momentum=0.1, affine=True, track_running_stats=True)
          (conv2): Conv2d(128, 128, kernel_size=(3, 3), stride=(1, 1), padding=(1, 1), bias=False)
          (bn2): BatchNorm2d(128, eps=1e-05, momentum=0.1, affine=True, track_running_stats=True)
          (conv3): Conv2d(128, 512, kernel_size=(1, 1), stride=(1, 1), bias=False)
          (bn3): BatchNorm2d(512, eps=1e-05, momentum=0.1, affine=True, track_running_stats=True)
          (relu): ReLU(inplace)
        )
      )
      (layer3): Sequential(
        (0): Bottleneck(
          (conv1): Conv2d(512, 256, kernel_size=(1, 1), stride=(1, 1), bias=False)
          (bn1): BatchNorm2d(256, eps=1e-05, momentum=0.1, affine=True, track_running_stats=True)
          (conv2): Conv2d(256, 256, kernel_size=(3, 3), stride=(1, 1), padding=(1, 1), bias=False)
          (bn2): BatchNorm2d(256, eps=1e-05, momentum=0.1, affine=True, track_running_stats=True)
          (conv3): Conv2d(256, 1024, kernel_size=(1, 1), stride=(1, 1), bias=False)
          (bn3): BatchNorm2d(1024, eps=1e-05, momentum=0.1, affine=True, track_running_stats=True)
          (relu): ReLU(inplace)
          (downsample): Sequential(
            (0): Conv2d(512, 1024, kernel_size=(3, 3), stride=(1, 1), padding=(1, 1), bias=False)
            (1): BatchNorm2d(1024, eps=1e-05, momentum=0.1, affine=True, track_running_stats=True)
          )
        )
        (1): Bottleneck(
          (conv1): Conv2d(1024, 256, kernel_size=(1, 1), stride=(1, 1), bias=False)
          (bn1): BatchNorm2d(256, eps=1e-05, momentum=0.1, affine=True, track_running_stats=True)
          (conv2): Conv2d(256, 256, kernel_size=(3, 3), stride=(1, 1), padding=(2, 2), dilation=(2, 2), bias=False)
          (bn2): BatchNorm2d(256, eps=1e-05, momentum=0.1, affine=True, track_running_stats=True)
          (conv3): Conv2d(256, 1024, kernel_size=(1, 1), stride=(1, 1), bias=False)
          (bn3): BatchNorm2d(1024, eps=1e-05, momentum=0.1, affine=True, track_running_stats=True)
          (relu): ReLU(inplace)
        )
        (2): Bottleneck(
          (conv1): Conv2d(1024, 256, kernel_size=(1, 1), stride=(1, 1), bias=False)
          (bn1): BatchNorm2d(256, eps=1e-05, momentum=0.1, affine=True, track_running_stats=True)
          (conv2): Conv2d(256, 256, kernel_size=(3, 3), stride=(1, 1), padding=(2, 2), dilation=(2, 2), bias=False)
          (bn2): BatchNorm2d(256, eps=1e-05, momentum=0.1, affine=True, track_running_stats=True)
          (conv3): Conv2d(256, 1024, kernel_size=(1, 1), stride=(1, 1), bias=False)
          (bn3): BatchNorm2d(1024, eps=1e-05, momentum=0.1, affine=True, track_running_stats=True)
          (relu): ReLU(inplace)
        )
        (3): Bottleneck(
          (conv1): Conv2d(1024, 256, kernel_size=(1, 1), stride=(1, 1), bias=False)
          (bn1): BatchNorm2d(256, eps=1e-05, momentum=0.1, affine=True, track_running_stats=True)
          (conv2): Conv2d(256, 256, kernel_size=(3, 3), stride=(1, 1), padding=(2, 2), dilation=(2, 2), bias=False)
          (bn2): BatchNorm2d(256, eps=1e-05, momentum=0.1, affine=True, track_running_stats=True)
          (conv3): Conv2d(256, 1024, kernel_size=(1, 1), stride=(1, 1), bias=False)
          (bn3): BatchNorm2d(1024, eps=1e-05, momentum=0.1, affine=True, track_running_stats=True)
          (relu): ReLU(inplace)
        )
        (4): Bottleneck(
          (conv1): Conv2d(1024, 256, kernel_size=(1, 1), stride=(1, 1), bias=False)
          (bn1): BatchNorm2d(256, eps=1e-05, momentum=0.1, affine=True, track_running_stats=True)
          (conv2): Conv2d(256, 256, kernel_size=(3, 3), stride=(1, 1), padding=(2, 2), dilation=(2, 2), bias=False)
          (bn2): BatchNorm2d(256, eps=1e-05, momentum=0.1, affine=True, track_running_stats=True)
          (conv3): Conv2d(256, 1024, kernel_size=(1, 1), stride=(1, 1), bias=False)
          (bn3): BatchNorm2d(1024, eps=1e-05, momentum=0.1, affine=True, track_running_stats=True)
          (relu): ReLU(inplace)
        )
        (5): Bottleneck(
          (conv1): Conv2d(1024, 256, kernel_size=(1, 1), stride=(1, 1), bias=False)
          (bn1): BatchNorm2d(256, eps=1e-05, momentum=0.1, affine=True, track_running_stats=True)
          (conv2): Conv2d(256, 256, kernel_size=(3, 3), stride=(1, 1), padding=(2, 2), dilation=(2, 2), bias=False)
          (bn2): BatchNorm2d(256, eps=1e-05, momentum=0.1, affine=True, track_running_stats=True)
          (conv3): Conv2d(256, 1024, kernel_size=(1, 1), stride=(1, 1), bias=False)
          (bn3): BatchNorm2d(1024, eps=1e-05, momentum=0.1, affine=True, track_running_stats=True)
          (relu): ReLU(inplace)
        )
      )
    )
    (downsample): ResDownS(
      (downsample): Sequential(
        (0): Conv2d(1024, 256, kernel_size=(1, 1), stride=(1, 1), bias=False)
        (1): BatchNorm2d(256, eps=1e-05, momentum=0.1, affine=True, track_running_stats=True)
      )
    )
  )
  (rpn_model): UP(
    (cls): DepthCorr(
      (conv_kernel): Sequential(
        (0): Conv2d(256, 256, kernel_size=(3, 3), stride=(1, 1), bias=False)
        (1): BatchNorm2d(256, eps=1e-05, momentum=0.1, affine=True, track_running_stats=True)
        (2): ReLU(inplace)
      )
      (conv_search): Sequential(
        (0): Conv2d(256, 256, kernel_size=(3, 3), stride=(1, 1), bias=False)
        (1): BatchNorm2d(256, eps=1e-05, momentum=0.1, affine=True, track_running_stats=True)
        (2): ReLU(inplace)
      )
      (head): Sequential(
        (0): Conv2d(256, 256, kernel_size=(1, 1), stride=(1, 1), bias=False)
        (1): BatchNorm2d(256, eps=1e-05, momentum=0.1, affine=True, track_running_stats=True)
        (2): ReLU(inplace)
        (3): Conv2d(256, 10, kernel_size=(1, 1), stride=(1, 1))
      )
    )
    (loc): DepthCorr(
      (conv_kernel): Sequential(
        (0): Conv2d(256, 256, kernel_size=(3, 3), stride=(1, 1), bias=False)
        (1): BatchNorm2d(256, eps=1e-05, momentum=0.1, affine=True, track_running_stats=True)
        (2): ReLU(inplace)
      )
      (conv_search): Sequential(
        (0): Conv2d(256, 256, kernel_size=(3, 3), stride=(1, 1), bias=False)
        (1): BatchNorm2d(256, eps=1e-05, momentum=0.1, affine=True, track_running_stats=True)
        (2): ReLU(inplace)
      )
      (head): Sequential(
        (0): Conv2d(256, 256, kernel_size=(1, 1), stride=(1, 1), bias=False)
        (1): BatchNorm2d(256, eps=1e-05, momentum=0.1, affine=True, track_running_stats=True)
        (2): ReLU(inplace)
        (3): Conv2d(256, 20, kernel_size=(1, 1), stride=(1, 1))
      )
    )
  )
  (mask_model): MaskCorr(
    (mask): DepthCorr(
      (conv_kernel): Sequential(
        (0): Conv2d(256, 256, kernel_size=(3, 3), stride=(1, 1), bias=False)
        (1): BatchNorm2d(256, eps=1e-05, momentum=0.1, affine=True, track_running_stats=True)
        (2): ReLU(inplace)
      )
      (conv_search): Sequential(
        (0): Conv2d(256, 256, kernel_size=(3, 3), stride=(1, 1), bias=False)
        (1): BatchNorm2d(256, eps=1e-05, momentum=0.1, affine=True, track_running_stats=True)
        (2): ReLU(inplace)
      )
      (head): Sequential(
        (0): Conv2d(256, 256, kernel_size=(1, 1), stride=(1, 1), bias=False)
        (1): BatchNorm2d(256, eps=1e-05, momentum=0.1, affine=True, track_running_stats=True)
        (2): ReLU(inplace)
        (3): Conv2d(256, 3969, kernel_size=(1, 1), stride=(1, 1))
      )
    )
  )
  (refine_model): Refine(
    (v0): Sequential(
      (0): Conv2d(64, 16, kernel_size=(3, 3), stride=(1, 1), padding=(1, 1))
      (1): ReLU()
      (2): Conv2d(16, 4, kernel_size=(3, 3), stride=(1, 1), padding=(1, 1))
      (3): ReLU()
    )
    (v1): Sequential(
      (0): Conv2d(256, 64, kernel_size=(3, 3), stride=(1, 1), padding=(1, 1))
      (1): ReLU()
      (2): Conv2d(64, 16, kernel_size=(3, 3), stride=(1, 1), padding=(1, 1))
      (3): ReLU()
    )
    (v2): Sequential(
      (0): Conv2d(512, 128, kernel_size=(3, 3), stride=(1, 1), padding=(1, 1))
      (1): ReLU()
      (2): Conv2d(128, 32, kernel_size=(3, 3), stride=(1, 1), padding=(1, 1))
      (3): ReLU()
    )
    (h2): Sequential(
      (0): Conv2d(32, 32, kernel_size=(3, 3), stride=(1, 1), padding=(1, 1))
      (1): ReLU()
      (2): Conv2d(32, 32, kernel_size=(3, 3), stride=(1, 1), padding=(1, 1))
      (3): ReLU()
    )
    (h1): Sequential(
      (0): Conv2d(16, 16, kernel_size=(3, 3), stride=(1, 1), padding=(1, 1))
      (1): ReLU()
      (2): Conv2d(16, 16, kernel_size=(3, 3), stride=(1, 1), padding=(1, 1))
      (3): ReLU()
    )
    (h0): Sequential(
      (0): Conv2d(4, 4, kernel_size=(3, 3), stride=(1, 1), padding=(1, 1))
      (1): ReLU()
      (2): Conv2d(4, 4, kernel_size=(3, 3), stride=(1, 1), padding=(1, 1))
      (3): ReLU()
    )
    (deconv): ConvTranspose2d(256, 32, kernel_size=(15, 15), stride=(15, 15))
    (post0): Conv2d(32, 16, kernel_size=(3, 3), stride=(1, 1), padding=(1, 1))
    (post1): Conv2d(16, 4, kernel_size=(3, 3), stride=(1, 1), padding=(1, 1))
    (post2): Conv2d(4, 1, kernel_size=(3, 3), stride=(1, 1), padding=(1, 1))
  )
)
[2020-04-29 13:29:19,550-rk0-load_helper.py# 44] load pretrained model from checkpoint_e4.pth
[2020-04-29 13:29:19,616-rk0-load_helper.py# 37] remove prefix 'module.'
[2020-04-29 13:29:19,618-rk0-load_helper.py# 24] [Warning] missing keys: {'refine_model.h1.0.bias', 'refine_model.post1.weight', 'refine_model.v1.2.bias', 'refine_model.v2.2.bias', 'refine_model.post0.weight', 'refine_model.post2.bias', 'refine_model.post0.bias', 'refine_model.v0.2.weight', 'refine_model.v1.2.weight', 'refine_model.h2.2.bias', 'refine_model.h2.0.weight', 'refine_model.post2.weight', 'refine_model.v2.0.weight', 'refine_model.h2.0.bias', 'refine_model.v2.2.weight', 'refine_model.h0.2.bias', 'refine_model.v0.2.bias', 'refine_model.h0.2.weight', 'refine_model.deconv.weight', 'refine_model.h1.2.bias', 'refine_model.h0.0.weight', 'refine_model.v0.0.weight', 'refine_model.h0.0.bias', 'refine_model.v2.0.bias', 'refine_model.v0.0.bias', 'refine_model.v1.0.weight', 'refine_model.v1.0.bias', 'refine_model.h2.2.weight', 'refine_model.h1.0.weight', 'refine_model.post1.bias', 'refine_model.deconv.bias', 'refine_model.h1.2.weight'}
[2020-04-29 13:29:19,619-rk0-load_helper.py# 25] missing keys:32
[2020-04-29 13:29:19,619-rk0-load_helper.py# 30] used keys:324
[2020-04-29 13:29:19,635-rk0-train_siammask_refine.py#176] (LogScheduler) lr spaces: 
[0.01       0.00820335 0.0067295  0.00552045 0.00452862 0.00371499
 0.00304753 0.0025    ]
[2020-04-29 13:29:19,637-rk0-train_siammask_refine.py#178] model prepare done
/opt/anaconda3/envs/siammask/lib/python3.6/site-packages/torch/nn/functional.py:1890: UserWarning: nn.functional.upsample is deprecated. Use nn.functional.interpolate instead.
  warnings.warn("nn.functional.upsample is deprecated. Use nn.functional.interpolate instead.")
[2020-04-29 13:30:15,417-rk0-train_siammask_refine.py#316] Epoch: [1][10/250] lr: 0.010000	batch_time: 5.473138 (5.577090)	data_time: 0.078967 (0.084353)	rpn_cls_loss: 0.320102 (0.341672)	rpn_loc_loss: 0.411418 (0.418810)	rpn_mask_loss: 0.332692 (0.472301)	siammask_loss: 11.976918 (17.002820)	mask_iou_mean: 0.142188 (0.014236)	mask_iou_at_5: 0.039216 (0.003922)	mask_iou_at_7: 0.000000 (0.000000)
INFO:global:Epoch: [1][10/250] lr: 0.010000	batch_time: 5.473138 (5.577090)	data_time: 0.078967 (0.084353)	rpn_cls_loss: 0.320102 (0.341672)	rpn_loc_loss: 0.411418 (0.418810)	rpn_mask_loss: 0.332692 (0.472301)	siammask_loss: 11.976918 (17.002820)	mask_iou_mean: 0.142188 (0.014236)	mask_iou_at_5: 0.039216 (0.003922)	mask_iou_at_7: 0.000000 (0.000000)
[2020-04-29 13:30:15,418-rk0-log_helper.py#100] Progress: 10 / 2000 [0%], Speed: 5.577 s/iter, ETA 0:03:04 (D:H:M)

INFO:global:Progress: 10 / 2000 [0%], Speed: 5.577 s/iter, ETA 0:03:04 (D:H:M)

